<?xml version="1.0" encoding="UTF-8"?>
<!-- Generated by org.testng.reporters.JUnitReportReporter -->
<testsuite hostname="Nagesh-24731" failures="0" tests="1" name="amazon.Amazon" time="24.949" errors="0" timestamp="2021-07-29T07:42:56 IST" skipped="0">
  <testcase classname="amazon.Amazon" name="test" time="24.949"/>
  <system-out/>
</testsuite> <!-- amazon.Amazon -->
