<?xml version="1.0" encoding="UTF-8"?>
<!-- Generated by org.testng.reporters.JUnitReportReporter -->
<testsuite skipped="0" hostname="Nagesh-24731" name="amazon.Amazonupdate1" tests="1" failures="0" timestamp="2021-08-03T15:05:32 IST" time="38.335" errors="0">
  <testcase name="Amazonlogin" time="38.335" classname="amazon.Amazonupdate1"/>
  <system-out/>
</testsuite> <!-- amazon.Amazonupdate1 -->
