<?xml version="1.0" encoding="UTF-8"?>
<!-- Generated by org.testng.reporters.JUnitReportReporter -->
<testsuite skipped="0" hostname="Nagesh-24731" name="pageobjects.Readingproperties1" tests="1" failures="0" timestamp="2021-08-03T15:38:52 IST" time="0.008" errors="0">
  <testcase name="app" time="0.008" classname="pageobjects.Readingproperties1"/>
  <system-out/>
</testsuite> <!-- pageobjects.Readingproperties1 -->
