<?xml version="1.0" encoding="UTF-8"?>
<!-- Generated by org.testng.reporters.JUnitReportReporter -->
<testsuite hostname="Nagesh-24731" failures="0" tests="1" name="amazon.Amazonupadate" time="24.665" errors="0" timestamp="2021-07-29T15:19:45 IST" skipped="0">
  <testcase classname="amazon.Amazonupadate" name="Amazonlogin" time="24.665"/>
  <system-out/>
</testsuite> <!-- amazon.Amazonupadate -->
