<?xml version="1.0" encoding="UTF-8"?>
<!-- Generated by org.testng.reporters.JUnitReportReporter -->
<testsuite skipped="0" hostname="Nagesh-24731" name="amazon.Amazonupdate1" tests="1" failures="0" timestamp="2021-07-31T14:44:18 IST" time="117.239" errors="0">
  <testcase name="Amazonlogin" time="117.239" classname="amazon.Amazonupdate1"/>
  <system-out/>
</testsuite> <!-- amazon.Amazonupdate1 -->
